## NECESSITIES
python3
gmp
adns
awscli
autoconf
ca-certificates
code-server
docker-compose
edencommon
fb303
fbthrift
fizz
fmt
folly
gdbm
gettext
gflags
gh
git
gnupg
gnutls
guile
haproxy
kafkacat
kcat
libassuan
libev
libevent
libffi
libgcrypt
libgpg-error
libidn2
libksba
libnghttp2
libpng
librdkafka
libserdes
libsodium
libtasn1
libtool
libunistring
libusb
lz4
lzlib
m4
mkcert
mpdecimal
nettle
nghttp2
node
npth
nspr
nss
oniguruma
p11-kit
pcre
pcre2
pinentry
pinentry-mac
pkg-config
postgresql@9.5
rbenv
ruby-build
readline
snappy
sqlite
tcl-tk
unbound
wangle
watchman
xz
yajl
openssl@3
openssl@1.1
zstd

## C#
avro-c
bdw-gc
boost
c-ares

## QUALITY-OF-LIFE
autojump
zsh-syntax-highlighting
starship
font-fira-code
font-fira-code-nerd-font
font-source-code-pro
font-source-sans-pro
font-source-serif-pro

## VARIOUS FRIENDS
speedtest
youtube-dl
gmp
